find_library: checking for mysql_query() in -lmysqlclient... -------------------- no

"clang -o conftest -I/Users/jeromebrule/.rvm/rubies/ruby-1.9.3-p125/include/ruby-1.9.1/x86_64-darwin11.3.0 -I/Users/jeromebrule/.rvm/rubies/ruby-1.9.3-p125/include/ruby-1.9.1/ruby/backward -I/Users/jeromebrule/.rvm/rubies/ruby-1.9.3-p125/include/ruby-1.9.1 -I. -I/usr/local/include -I/Users/jeromebrule/.rvm/usr/include -D_XOPEN_SOURCE -D_DARWIN_C_SOURCE    -O3 -g -Wextra -Wno-unused-parameter -Wno-parentheses -Wno-long-long -Wno-missing-field-initializers -Wpointer-arith -Wwrite-strings -Wdeclaration-after-statement -Wshorten-64-to-32 -Wimplicit-function-declaration  -fno-common -pipe conftest.c  -L. -L/Users/jeromebrule/.rvm/rubies/ruby-1.9.3-p125/lib -L/usr/local/lib -L/Users/jeromebrule/.rvm/usr/lib -L.      -lruby.1.9.1  -lpthread -ldl -lobjc "
ld: warning: directory not found for option '-L/usr/local/lib'
checked program was:
/* begin */
1: #include "ruby.h"
2: 
3: int main() {return 0;}
/* end */

"clang -o conftest -I/Users/jeromebrule/.rvm/rubies/ruby-1.9.3-p125/include/ruby-1.9.1/x86_64-darwin11.3.0 -I/Users/jeromebrule/.rvm/rubies/ruby-1.9.3-p125/include/ruby-1.9.1/ruby/backward -I/Users/jeromebrule/.rvm/rubies/ruby-1.9.3-p125/include/ruby-1.9.1 -I. -I/usr/local/include -I/Users/jeromebrule/.rvm/usr/include -D_XOPEN_SOURCE -D_DARWIN_C_SOURCE    -O3 -g -Wextra -Wno-unused-parameter -Wno-parentheses -Wno-long-long -Wno-missing-field-initializers -Wpointer-arith -Wwrite-strings -Wdeclaration-after-statement -Wshorten-64-to-32 -Wimplicit-function-declaration  -fno-common -pipe conftest.c  -L. -L/Users/jeromebrule/.rvm/rubies/ruby-1.9.3-p125/lib -L/usr/local/lib -L/Users/jeromebrule/.rvm/usr/lib -L.      -lruby.1.9.1 -lmysqlclient  -lpthread -ldl -lobjc "
conftest.c:5:53: error: use of undeclared identifier 'mysql_query'
int t() { void ((*volatile p)()); p = (void ((*)()))mysql_query; return 0; }
                                                    ^
1 error generated.
checked program was:
/* begin */
1: #include "ruby.h"
2: 
3: /*top*/
4: int main() {return 0;}
5: int t() { void ((*volatile p)()); p = (void ((*)()))mysql_query; return 0; }
/* end */

"clang -o conftest -I/Users/jeromebrule/.rvm/rubies/ruby-1.9.3-p125/include/ruby-1.9.1/x86_64-darwin11.3.0 -I/Users/jeromebrule/.rvm/rubies/ruby-1.9.3-p125/include/ruby-1.9.1/ruby/backward -I/Users/jeromebrule/.rvm/rubies/ruby-1.9.3-p125/include/ruby-1.9.1 -I. -I/usr/local/include -I/Users/jeromebrule/.rvm/usr/include -D_XOPEN_SOURCE -D_DARWIN_C_SOURCE    -O3 -g -Wextra -Wno-unused-parameter -Wno-parentheses -Wno-long-long -Wno-missing-field-initializers -Wpointer-arith -Wwrite-strings -Wdeclaration-after-statement -Wshorten-64-to-32 -Wimplicit-function-declaration  -fno-common -pipe conftest.c  -L. -L/Users/jeromebrule/.rvm/rubies/ruby-1.9.3-p125/lib -L/usr/local/lib -L/Users/jeromebrule/.rvm/usr/lib -L.      -lruby.1.9.1 -lmysqlclient  -lpthread -ldl -lobjc "
conftest.c:5:11: warning: implicit declaration of function 'mysql_query' is invalid in C99 [-Wimplicit-function-declaration]
int t() { mysql_query(); return 0; }
          ^
1 warning generated.
ld: warning: directory not found for option '-L/usr/local/lib'
ld: library not found for -lmysqlclient
clang: error: linker command failed with exit code 1 (use -v to see invocation)
checked program was:
/* begin */
1: #include "ruby.h"
2: 
3: /*top*/
4: int main() {return 0;}
5: int t() { mysql_query(); return 0; }
/* end */

"clang -o conftest -I/Users/jeromebrule/.rvm/rubies/ruby-1.9.3-p125/include/ruby-1.9.1/x86_64-darwin11.3.0 -I/Users/jeromebrule/.rvm/rubies/ruby-1.9.3-p125/include/ruby-1.9.1/ruby/backward -I/Users/jeromebrule/.rvm/rubies/ruby-1.9.3-p125/include/ruby-1.9.1 -I. -I/usr/local/include -I/Users/jeromebrule/.rvm/usr/include -D_XOPEN_SOURCE -D_DARWIN_C_SOURCE    -O3 -g -Wextra -Wno-unused-parameter -Wno-parentheses -Wno-long-long -Wno-missing-field-initializers -Wpointer-arith -Wwrite-strings -Wdeclaration-after-statement -Wshorten-64-to-32 -Wimplicit-function-declaration  -fno-common -pipe conftest.c  -L. -L/Users/jeromebrule/.rvm/rubies/ruby-1.9.3-p125/lib -L/usr/local/lib -L/Users/jeromebrule/.rvm/usr/lib -L.      -lruby.1.9.1 -lmysqlclient  -lpthread -ldl -lobjc "
conftest.c:5:53: error: use of undeclared identifier 'mysql_query'
int t() { void ((*volatile p)()); p = (void ((*)()))mysql_query; return 0; }
                                                    ^
1 error generated.
checked program was:
/* begin */
1: #include "ruby.h"
2: 
3: /*top*/
4: int main() {return 0;}
5: int t() { void ((*volatile p)()); p = (void ((*)()))mysql_query; return 0; }
/* end */

"clang -o conftest -I/Users/jeromebrule/.rvm/rubies/ruby-1.9.3-p125/include/ruby-1.9.1/x86_64-darwin11.3.0 -I/Users/jeromebrule/.rvm/rubies/ruby-1.9.3-p125/include/ruby-1.9.1/ruby/backward -I/Users/jeromebrule/.rvm/rubies/ruby-1.9.3-p125/include/ruby-1.9.1 -I. -I/usr/local/include -I/Users/jeromebrule/.rvm/usr/include -D_XOPEN_SOURCE -D_DARWIN_C_SOURCE    -O3 -g -Wextra -Wno-unused-parameter -Wno-parentheses -Wno-long-long -Wno-missing-field-initializers -Wpointer-arith -Wwrite-strings -Wdeclaration-after-statement -Wshorten-64-to-32 -Wimplicit-function-declaration  -fno-common -pipe conftest.c  -L. -L/Users/jeromebrule/.rvm/rubies/ruby-1.9.3-p125/lib -L/usr/local/lib -L/Users/jeromebrule/.rvm/usr/lib -L.      -lruby.1.9.1 -lmysqlclient  -lpthread -ldl -lobjc "
conftest.c:5:11: warning: implicit declaration of function 'mysql_query' is invalid in C99 [-Wimplicit-function-declaration]
int t() { mysql_query(); return 0; }
          ^
1 warning generated.
ld: warning: directory not found for option '-L/usr/local/lib'
ld: library not found for -lmysqlclient
clang: error: linker command failed with exit code 1 (use -v to see invocation)
checked program was:
/* begin */
1: #include "ruby.h"
2: 
3: /*top*/
4: int main() {return 0;}
5: int t() { mysql_query(); return 0; }
/* end */

"clang -o conftest -I/Users/jeromebrule/.rvm/rubies/ruby-1.9.3-p125/include/ruby-1.9.1/x86_64-darwin11.3.0 -I/Users/jeromebrule/.rvm/rubies/ruby-1.9.3-p125/include/ruby-1.9.1/ruby/backward -I/Users/jeromebrule/.rvm/rubies/ruby-1.9.3-p125/include/ruby-1.9.1 -I. -I/usr/local/include -I/Users/jeromebrule/.rvm/usr/include -D_XOPEN_SOURCE -D_DARWIN_C_SOURCE    -O3 -g -Wextra -Wno-unused-parameter -Wno-parentheses -Wno-long-long -Wno-missing-field-initializers -Wpointer-arith -Wwrite-strings -Wdeclaration-after-statement -Wshorten-64-to-32 -Wimplicit-function-declaration  -fno-common -pipe conftest.c  -L. -L/Users/jeromebrule/.rvm/rubies/ruby-1.9.3-p125/lib -L/usr/local/lib -L/Users/jeromebrule/.rvm/usr/lib -L/usr/local/lib/mysql -L.      -lruby.1.9.1 -lmysqlclient  -lpthread -ldl -lobjc "
conftest.c:5:53: error: use of undeclared identifier 'mysql_query'
int t() { void ((*volatile p)()); p = (void ((*)()))mysql_query; return 0; }
                                                    ^
1 error generated.
checked program was:
/* begin */
1: #include "ruby.h"
2: 
3: /*top*/
4: int main() {return 0;}
5: int t() { void ((*volatile p)()); p = (void ((*)()))mysql_query; return 0; }
/* end */

"clang -o conftest -I/Users/jeromebrule/.rvm/rubies/ruby-1.9.3-p125/include/ruby-1.9.1/x86_64-darwin11.3.0 -I/Users/jeromebrule/.rvm/rubies/ruby-1.9.3-p125/include/ruby-1.9.1/ruby/backward -I/Users/jeromebrule/.rvm/rubies/ruby-1.9.3-p125/include/ruby-1.9.1 -I. -I/usr/local/include -I/Users/jeromebrule/.rvm/usr/include -D_XOPEN_SOURCE -D_DARWIN_C_SOURCE    -O3 -g -Wextra -Wno-unused-parameter -Wno-parentheses -Wno-long-long -Wno-missing-field-initializers -Wpointer-arith -Wwrite-strings -Wdeclaration-after-statement -Wshorten-64-to-32 -Wimplicit-function-declaration  -fno-common -pipe conftest.c  -L. -L/Users/jeromebrule/.rvm/rubies/ruby-1.9.3-p125/lib -L/usr/local/lib -L/Users/jeromebrule/.rvm/usr/lib -L/usr/local/lib/mysql -L.      -lruby.1.9.1 -lmysqlclient  -lpthread -ldl -lobjc "
conftest.c:5:11: warning: implicit declaration of function 'mysql_query' is invalid in C99 [-Wimplicit-function-declaration]
int t() { mysql_query(); return 0; }
          ^
1 warning generated.
ld: warning: directory not found for option '-L/usr/local/lib'
ld: warning: directory not found for option '-L/usr/local/lib/mysql'
ld: library not found for -lmysqlclient
clang: error: linker command failed with exit code 1 (use -v to see invocation)
checked program was:
/* begin */
1: #include "ruby.h"
2: 
3: /*top*/
4: int main() {return 0;}
5: int t() { mysql_query(); return 0; }
/* end */

--------------------

have_library: checking for main() in -lm... -------------------- yes

"clang -o conftest -I/Users/jeromebrule/.rvm/rubies/ruby-1.9.3-p125/include/ruby-1.9.1/x86_64-darwin11.3.0 -I/Users/jeromebrule/.rvm/rubies/ruby-1.9.3-p125/include/ruby-1.9.1/ruby/backward -I/Users/jeromebrule/.rvm/rubies/ruby-1.9.3-p125/include/ruby-1.9.1 -I. -I/usr/local/include -I/Users/jeromebrule/.rvm/usr/include -D_XOPEN_SOURCE -D_DARWIN_C_SOURCE    -O3 -g -Wextra -Wno-unused-parameter -Wno-parentheses -Wno-long-long -Wno-missing-field-initializers -Wpointer-arith -Wwrite-strings -Wdeclaration-after-statement -Wshorten-64-to-32 -Wimplicit-function-declaration  -fno-common -pipe conftest.c  -L. -L/Users/jeromebrule/.rvm/rubies/ruby-1.9.3-p125/lib -L/usr/local/lib -L/Users/jeromebrule/.rvm/usr/lib -L.      -lruby.1.9.1 -lm  -lpthread -ldl -lobjc "
ld: warning: directory not found for option '-L/usr/local/lib'
checked program was:
/* begin */
1: #include "ruby.h"
2: 
3: /*top*/
4: int main() {return 0;}
5: int t() { void ((*volatile p)()); p = (void ((*)()))main; return 0; }
/* end */

--------------------

find_library: checking for mysql_query() in -lmysqlclient... -------------------- no

"clang -o conftest -I/Users/jeromebrule/.rvm/rubies/ruby-1.9.3-p125/include/ruby-1.9.1/x86_64-darwin11.3.0 -I/Users/jeromebrule/.rvm/rubies/ruby-1.9.3-p125/include/ruby-1.9.1/ruby/backward -I/Users/jeromebrule/.rvm/rubies/ruby-1.9.3-p125/include/ruby-1.9.1 -I. -I/usr/local/include -I/Users/jeromebrule/.rvm/usr/include -D_XOPEN_SOURCE -D_DARWIN_C_SOURCE    -O3 -g -Wextra -Wno-unused-parameter -Wno-parentheses -Wno-long-long -Wno-missing-field-initializers -Wpointer-arith -Wwrite-strings -Wdeclaration-after-statement -Wshorten-64-to-32 -Wimplicit-function-declaration  -fno-common -pipe conftest.c  -L. -L/Users/jeromebrule/.rvm/rubies/ruby-1.9.3-p125/lib -L/usr/local/lib -L/Users/jeromebrule/.rvm/usr/lib -L.     -lm  -lruby.1.9.1 -lmysqlclient -lm  -lpthread -ldl -lobjc "
conftest.c:5:53: error: use of undeclared identifier 'mysql_query'
int t() { void ((*volatile p)()); p = (void ((*)()))mysql_query; return 0; }
                                                    ^
1 error generated.
checked program was:
/* begin */
1: #include "ruby.h"
2: 
3: /*top*/
4: int main() {return 0;}
5: int t() { void ((*volatile p)()); p = (void ((*)()))mysql_query; return 0; }
/* end */

"clang -o conftest -I/Users/jeromebrule/.rvm/rubies/ruby-1.9.3-p125/include/ruby-1.9.1/x86_64-darwin11.3.0 -I/Users/jeromebrule/.rvm/rubies/ruby-1.9.3-p125/include/ruby-1.9.1/ruby/backward -I/Users/jeromebrule/.rvm/rubies/ruby-1.9.3-p125/include/ruby-1.9.1 -I. -I/usr/local/include -I/Users/jeromebrule/.rvm/usr/include -D_XOPEN_SOURCE -D_DARWIN_C_SOURCE    -O3 -g -Wextra -Wno-unused-parameter -Wno-parentheses -Wno-long-long -Wno-missing-field-initializers -Wpointer-arith -Wwrite-strings -Wdeclaration-after-statement -Wshorten-64-to-32 -Wimplicit-function-declaration  -fno-common -pipe conftest.c  -L. -L/Users/jeromebrule/.rvm/rubies/ruby-1.9.3-p125/lib -L/usr/local/lib -L/Users/jeromebrule/.rvm/usr/lib -L.     -lm  -lruby.1.9.1 -lmysqlclient -lm  -lpthread -ldl -lobjc "
conftest.c:5:11: warning: implicit declaration of function 'mysql_query' is invalid in C99 [-Wimplicit-function-declaration]
int t() { mysql_query(); return 0; }
          ^
1 warning generated.
ld: warning: directory not found for option '-L/usr/local/lib'
ld: library not found for -lmysqlclient
clang: error: linker command failed with exit code 1 (use -v to see invocation)
checked program was:
/* begin */
1: #include "ruby.h"
2: 
3: /*top*/
4: int main() {return 0;}
5: int t() { mysql_query(); return 0; }
/* end */

"clang -o conftest -I/Users/jeromebrule/.rvm/rubies/ruby-1.9.3-p125/include/ruby-1.9.1/x86_64-darwin11.3.0 -I/Users/jeromebrule/.rvm/rubies/ruby-1.9.3-p125/include/ruby-1.9.1/ruby/backward -I/Users/jeromebrule/.rvm/rubies/ruby-1.9.3-p125/include/ruby-1.9.1 -I. -I/usr/local/include -I/Users/jeromebrule/.rvm/usr/include -D_XOPEN_SOURCE -D_DARWIN_C_SOURCE    -O3 -g -Wextra -Wno-unused-parameter -Wno-parentheses -Wno-long-long -Wno-missing-field-initializers -Wpointer-arith -Wwrite-strings -Wdeclaration-after-statement -Wshorten-64-to-32 -Wimplicit-function-declaration  -fno-common -pipe conftest.c  -L. -L/Users/jeromebrule/.rvm/rubies/ruby-1.9.3-p125/lib -L/usr/local/lib -L/Users/jeromebrule/.rvm/usr/lib -L.     -lm  -lruby.1.9.1 -lmysqlclient -lm  -lpthread -ldl -lobjc "
conftest.c:5:53: error: use of undeclared identifier 'mysql_query'
int t() { void ((*volatile p)()); p = (void ((*)()))mysql_query; return 0; }
                                                    ^
1 error generated.
checked program was:
/* begin */
1: #include "ruby.h"
2: 
3: /*top*/
4: int main() {return 0;}
5: int t() { void ((*volatile p)()); p = (void ((*)()))mysql_query; return 0; }
/* end */

"clang -o conftest -I/Users/jeromebrule/.rvm/rubies/ruby-1.9.3-p125/include/ruby-1.9.1/x86_64-darwin11.3.0 -I/Users/jeromebrule/.rvm/rubies/ruby-1.9.3-p125/include/ruby-1.9.1/ruby/backward -I/Users/jeromebrule/.rvm/rubies/ruby-1.9.3-p125/include/ruby-1.9.1 -I. -I/usr/local/include -I/Users/jeromebrule/.rvm/usr/include -D_XOPEN_SOURCE -D_DARWIN_C_SOURCE    -O3 -g -Wextra -Wno-unused-parameter -Wno-parentheses -Wno-long-long -Wno-missing-field-initializers -Wpointer-arith -Wwrite-strings -Wdeclaration-after-statement -Wshorten-64-to-32 -Wimplicit-function-declaration  -fno-common -pipe conftest.c  -L. -L/Users/jeromebrule/.rvm/rubies/ruby-1.9.3-p125/lib -L/usr/local/lib -L/Users/jeromebrule/.rvm/usr/lib -L.     -lm  -lruby.1.9.1 -lmysqlclient -lm  -lpthread -ldl -lobjc "
conftest.c:5:11: warning: implicit declaration of function 'mysql_query' is invalid in C99 [-Wimplicit-function-declaration]
int t() { mysql_query(); return 0; }
          ^
1 warning generated.
ld: warning: directory not found for option '-L/usr/local/lib'
ld: library not found for -lmysqlclient
clang: error: linker command failed with exit code 1 (use -v to see invocation)
checked program was:
/* begin */
1: #include "ruby.h"
2: 
3: /*top*/
4: int main() {return 0;}
5: int t() { mysql_query(); return 0; }
/* end */

"clang -o conftest -I/Users/jeromebrule/.rvm/rubies/ruby-1.9.3-p125/include/ruby-1.9.1/x86_64-darwin11.3.0 -I/Users/jeromebrule/.rvm/rubies/ruby-1.9.3-p125/include/ruby-1.9.1/ruby/backward -I/Users/jeromebrule/.rvm/rubies/ruby-1.9.3-p125/include/ruby-1.9.1 -I. -I/usr/local/include -I/Users/jeromebrule/.rvm/usr/include -D_XOPEN_SOURCE -D_DARWIN_C_SOURCE    -O3 -g -Wextra -Wno-unused-parameter -Wno-parentheses -Wno-long-long -Wno-missing-field-initializers -Wpointer-arith -Wwrite-strings -Wdeclaration-after-statement -Wshorten-64-to-32 -Wimplicit-function-declaration  -fno-common -pipe conftest.c  -L. -L/Users/jeromebrule/.rvm/rubies/ruby-1.9.3-p125/lib -L/usr/local/lib -L/Users/jeromebrule/.rvm/usr/lib -L/usr/local/lib/mysql -L.     -lm  -lruby.1.9.1 -lmysqlclient -lm  -lpthread -ldl -lobjc "
conftest.c:5:53: error: use of undeclared identifier 'mysql_query'
int t() { void ((*volatile p)()); p = (void ((*)()))mysql_query; return 0; }
                                                    ^
1 error generated.
checked program was:
/* begin */
1: #include "ruby.h"
2: 
3: /*top*/
4: int main() {return 0;}
5: int t() { void ((*volatile p)()); p = (void ((*)()))mysql_query; return 0; }
/* end */

"clang -o conftest -I/Users/jeromebrule/.rvm/rubies/ruby-1.9.3-p125/include/ruby-1.9.1/x86_64-darwin11.3.0 -I/Users/jeromebrule/.rvm/rubies/ruby-1.9.3-p125/include/ruby-1.9.1/ruby/backward -I/Users/jeromebrule/.rvm/rubies/ruby-1.9.3-p125/include/ruby-1.9.1 -I. -I/usr/local/include -I/Users/jeromebrule/.rvm/usr/include -D_XOPEN_SOURCE -D_DARWIN_C_SOURCE    -O3 -g -Wextra -Wno-unused-parameter -Wno-parentheses -Wno-long-long -Wno-missing-field-initializers -Wpointer-arith -Wwrite-strings -Wdeclaration-after-statement -Wshorten-64-to-32 -Wimplicit-function-declaration  -fno-common -pipe conftest.c  -L. -L/Users/jeromebrule/.rvm/rubies/ruby-1.9.3-p125/lib -L/usr/local/lib -L/Users/jeromebrule/.rvm/usr/lib -L/usr/local/lib/mysql -L.     -lm  -lruby.1.9.1 -lmysqlclient -lm  -lpthread -ldl -lobjc "
conftest.c:5:11: warning: implicit declaration of function 'mysql_query' is invalid in C99 [-Wimplicit-function-declaration]
int t() { mysql_query(); return 0; }
          ^
1 warning generated.
ld: warning: directory not found for option '-L/usr/local/lib'
ld: warning: directory not found for option '-L/usr/local/lib/mysql'
ld: library not found for -lmysqlclient
clang: error: linker command failed with exit code 1 (use -v to see invocation)
checked program was:
/* begin */
1: #include "ruby.h"
2: 
3: /*top*/
4: int main() {return 0;}
5: int t() { mysql_query(); return 0; }
/* end */

--------------------

have_library: checking for main() in -lz... -------------------- yes

"clang -o conftest -I/Users/jeromebrule/.rvm/rubies/ruby-1.9.3-p125/include/ruby-1.9.1/x86_64-darwin11.3.0 -I/Users/jeromebrule/.rvm/rubies/ruby-1.9.3-p125/include/ruby-1.9.1/ruby/backward -I/Users/jeromebrule/.rvm/rubies/ruby-1.9.3-p125/include/ruby-1.9.1 -I. -I/usr/local/include -I/Users/jeromebrule/.rvm/usr/include -D_XOPEN_SOURCE -D_DARWIN_C_SOURCE    -O3 -g -Wextra -Wno-unused-parameter -Wno-parentheses -Wno-long-long -Wno-missing-field-initializers -Wpointer-arith -Wwrite-strings -Wdeclaration-after-statement -Wshorten-64-to-32 -Wimplicit-function-declaration  -fno-common -pipe conftest.c  -L. -L/Users/jeromebrule/.rvm/rubies/ruby-1.9.3-p125/lib -L/usr/local/lib -L/Users/jeromebrule/.rvm/usr/lib -L.     -lm  -lruby.1.9.1 -lz -lm  -lpthread -ldl -lobjc "
ld: warning: directory not found for option '-L/usr/local/lib'
checked program was:
/* begin */
1: #include "ruby.h"
2: 
3: /*top*/
4: int main() {return 0;}
5: int t() { void ((*volatile p)()); p = (void ((*)()))main; return 0; }
/* end */

--------------------

find_library: checking for mysql_query() in -lmysqlclient... -------------------- no

"clang -o conftest -I/Users/jeromebrule/.rvm/rubies/ruby-1.9.3-p125/include/ruby-1.9.1/x86_64-darwin11.3.0 -I/Users/jeromebrule/.rvm/rubies/ruby-1.9.3-p125/include/ruby-1.9.1/ruby/backward -I/Users/jeromebrule/.rvm/rubies/ruby-1.9.3-p125/include/ruby-1.9.1 -I. -I/usr/local/include -I/Users/jeromebrule/.rvm/usr/include -D_XOPEN_SOURCE -D_DARWIN_C_SOURCE    -O3 -g -Wextra -Wno-unused-parameter -Wno-parentheses -Wno-long-long -Wno-missing-field-initializers -Wpointer-arith -Wwrite-strings -Wdeclaration-after-statement -Wshorten-64-to-32 -Wimplicit-function-declaration  -fno-common -pipe conftest.c  -L. -L/Users/jeromebrule/.rvm/rubies/ruby-1.9.3-p125/lib -L/usr/local/lib -L/Users/jeromebrule/.rvm/usr/lib -L.     -lz -lm  -lruby.1.9.1 -lmysqlclient -lz -lm  -lpthread -ldl -lobjc "
conftest.c:5:53: error: use of undeclared identifier 'mysql_query'
int t() { void ((*volatile p)()); p = (void ((*)()))mysql_query; return 0; }
                                                    ^
1 error generated.
checked program was:
/* begin */
1: #include "ruby.h"
2: 
3: /*top*/
4: int main() {return 0;}
5: int t() { void ((*volatile p)()); p = (void ((*)()))mysql_query; return 0; }
/* end */

"clang -o conftest -I/Users/jeromebrule/.rvm/rubies/ruby-1.9.3-p125/include/ruby-1.9.1/x86_64-darwin11.3.0 -I/Users/jeromebrule/.rvm/rubies/ruby-1.9.3-p125/include/ruby-1.9.1/ruby/backward -I/Users/jeromebrule/.rvm/rubies/ruby-1.9.3-p125/include/ruby-1.9.1 -I. -I/usr/local/include -I/Users/jeromebrule/.rvm/usr/include -D_XOPEN_SOURCE -D_DARWIN_C_SOURCE    -O3 -g -Wextra -Wno-unused-parameter -Wno-parentheses -Wno-long-long -Wno-missing-field-initializers -Wpointer-arith -Wwrite-strings -Wdeclaration-after-statement -Wshorten-64-to-32 -Wimplicit-function-declaration  -fno-common -pipe conftest.c  -L. -L/Users/jeromebrule/.rvm/rubies/ruby-1.9.3-p125/lib -L/usr/local/lib -L/Users/jeromebrule/.rvm/usr/lib -L.     -lz -lm  -lruby.1.9.1 -lmysqlclient -lz -lm  -lpthread -ldl -lobjc "
conftest.c:5:11: warning: implicit declaration of function 'mysql_query' is invalid in C99 [-Wimplicit-function-declaration]
int t() { mysql_query(); return 0; }
          ^
1 warning generated.
ld: warning: directory not found for option '-L/usr/local/lib'
ld: library not found for -lmysqlclient
clang: error: linker command failed with exit code 1 (use -v to see invocation)
checked program was:
/* begin */
1: #include "ruby.h"
2: 
3: /*top*/
4: int main() {return 0;}
5: int t() { mysql_query(); return 0; }
/* end */

"clang -o conftest -I/Users/jeromebrule/.rvm/rubies/ruby-1.9.3-p125/include/ruby-1.9.1/x86_64-darwin11.3.0 -I/Users/jeromebrule/.rvm/rubies/ruby-1.9.3-p125/include/ruby-1.9.1/ruby/backward -I/Users/jeromebrule/.rvm/rubies/ruby-1.9.3-p125/include/ruby-1.9.1 -I. -I/usr/local/include -I/Users/jeromebrule/.rvm/usr/include -D_XOPEN_SOURCE -D_DARWIN_C_SOURCE    -O3 -g -Wextra -Wno-unused-parameter -Wno-parentheses -Wno-long-long -Wno-missing-field-initializers -Wpointer-arith -Wwrite-strings -Wdeclaration-after-statement -Wshorten-64-to-32 -Wimplicit-function-declaration  -fno-common -pipe conftest.c  -L. -L/Users/jeromebrule/.rvm/rubies/ruby-1.9.3-p125/lib -L/usr/local/lib -L/Users/jeromebrule/.rvm/usr/lib -L.     -lz -lm  -lruby.1.9.1 -lmysqlclient -lz -lm  -lpthread -ldl -lobjc "
conftest.c:5:53: error: use of undeclared identifier 'mysql_query'
int t() { void ((*volatile p)()); p = (void ((*)()))mysql_query; return 0; }
                                                    ^
1 error generated.
checked program was:
/* begin */
1: #include "ruby.h"
2: 
3: /*top*/
4: int main() {return 0;}
5: int t() { void ((*volatile p)()); p = (void ((*)()))mysql_query; return 0; }
/* end */

"clang -o conftest -I/Users/jeromebrule/.rvm/rubies/ruby-1.9.3-p125/include/ruby-1.9.1/x86_64-darwin11.3.0 -I/Users/jeromebrule/.rvm/rubies/ruby-1.9.3-p125/include/ruby-1.9.1/ruby/backward -I/Users/jeromebrule/.rvm/rubies/ruby-1.9.3-p125/include/ruby-1.9.1 -I. -I/usr/local/include -I/Users/jeromebrule/.rvm/usr/include -D_XOPEN_SOURCE -D_DARWIN_C_SOURCE    -O3 -g -Wextra -Wno-unused-parameter -Wno-parentheses -Wno-long-long -Wno-missing-field-initializers -Wpointer-arith -Wwrite-strings -Wdeclaration-after-statement -Wshorten-64-to-32 -Wimplicit-function-declaration  -fno-common -pipe conftest.c  -L. -L/Users/jeromebrule/.rvm/rubies/ruby-1.9.3-p125/lib -L/usr/local/lib -L/Users/jeromebrule/.rvm/usr/lib -L.     -lz -lm  -lruby.1.9.1 -lmysqlclient -lz -lm  -lpthread -ldl -lobjc "
conftest.c:5:11: warning: implicit declaration of function 'mysql_query' is invalid in C99 [-Wimplicit-function-declaration]
int t() { mysql_query(); return 0; }
          ^
1 warning generated.
ld: warning: directory not found for option '-L/usr/local/lib'
ld: library not found for -lmysqlclient
clang: error: linker command failed with exit code 1 (use -v to see invocation)
checked program was:
/* begin */
1: #include "ruby.h"
2: 
3: /*top*/
4: int main() {return 0;}
5: int t() { mysql_query(); return 0; }
/* end */

"clang -o conftest -I/Users/jeromebrule/.rvm/rubies/ruby-1.9.3-p125/include/ruby-1.9.1/x86_64-darwin11.3.0 -I/Users/jeromebrule/.rvm/rubies/ruby-1.9.3-p125/include/ruby-1.9.1/ruby/backward -I/Users/jeromebrule/.rvm/rubies/ruby-1.9.3-p125/include/ruby-1.9.1 -I. -I/usr/local/include -I/Users/jeromebrule/.rvm/usr/include -D_XOPEN_SOURCE -D_DARWIN_C_SOURCE    -O3 -g -Wextra -Wno-unused-parameter -Wno-parentheses -Wno-long-long -Wno-missing-field-initializers -Wpointer-arith -Wwrite-strings -Wdeclaration-after-statement -Wshorten-64-to-32 -Wimplicit-function-declaration  -fno-common -pipe conftest.c  -L. -L/Users/jeromebrule/.rvm/rubies/ruby-1.9.3-p125/lib -L/usr/local/lib -L/Users/jeromebrule/.rvm/usr/lib -L/usr/local/lib/mysql -L.     -lz -lm  -lruby.1.9.1 -lmysqlclient -lz -lm  -lpthread -ldl -lobjc "
conftest.c:5:53: error: use of undeclared identifier 'mysql_query'
int t() { void ((*volatile p)()); p = (void ((*)()))mysql_query; return 0; }
                                                    ^
1 error generated.
checked program was:
/* begin */
1: #include "ruby.h"
2: 
3: /*top*/
4: int main() {return 0;}
5: int t() { void ((*volatile p)()); p = (void ((*)()))mysql_query; return 0; }
/* end */

"clang -o conftest -I/Users/jeromebrule/.rvm/rubies/ruby-1.9.3-p125/include/ruby-1.9.1/x86_64-darwin11.3.0 -I/Users/jeromebrule/.rvm/rubies/ruby-1.9.3-p125/include/ruby-1.9.1/ruby/backward -I/Users/jeromebrule/.rvm/rubies/ruby-1.9.3-p125/include/ruby-1.9.1 -I. -I/usr/local/include -I/Users/jeromebrule/.rvm/usr/include -D_XOPEN_SOURCE -D_DARWIN_C_SOURCE    -O3 -g -Wextra -Wno-unused-parameter -Wno-parentheses -Wno-long-long -Wno-missing-field-initializers -Wpointer-arith -Wwrite-strings -Wdeclaration-after-statement -Wshorten-64-to-32 -Wimplicit-function-declaration  -fno-common -pipe conftest.c  -L. -L/Users/jeromebrule/.rvm/rubies/ruby-1.9.3-p125/lib -L/usr/local/lib -L/Users/jeromebrule/.rvm/usr/lib -L/usr/local/lib/mysql -L.     -lz -lm  -lruby.1.9.1 -lmysqlclient -lz -lm  -lpthread -ldl -lobjc "
conftest.c:5:11: warning: implicit declaration of function 'mysql_query' is invalid in C99 [-Wimplicit-function-declaration]
int t() { mysql_query(); return 0; }
          ^
1 warning generated.
ld: warning: directory not found for option '-L/usr/local/lib'
ld: warning: directory not found for option '-L/usr/local/lib/mysql'
ld: library not found for -lmysqlclient
clang: error: linker command failed with exit code 1 (use -v to see invocation)
checked program was:
/* begin */
1: #include "ruby.h"
2: 
3: /*top*/
4: int main() {return 0;}
5: int t() { mysql_query(); return 0; }
/* end */

--------------------

have_library: checking for main() in -lsocket... -------------------- no

"clang -o conftest -I/Users/jeromebrule/.rvm/rubies/ruby-1.9.3-p125/include/ruby-1.9.1/x86_64-darwin11.3.0 -I/Users/jeromebrule/.rvm/rubies/ruby-1.9.3-p125/include/ruby-1.9.1/ruby/backward -I/Users/jeromebrule/.rvm/rubies/ruby-1.9.3-p125/include/ruby-1.9.1 -I. -I/usr/local/include -I/Users/jeromebrule/.rvm/usr/include -D_XOPEN_SOURCE -D_DARWIN_C_SOURCE    -O3 -g -Wextra -Wno-unused-parameter -Wno-parentheses -Wno-long-long -Wno-missing-field-initializers -Wpointer-arith -Wwrite-strings -Wdeclaration-after-statement -Wshorten-64-to-32 -Wimplicit-function-declaration  -fno-common -pipe conftest.c  -L. -L/Users/jeromebrule/.rvm/rubies/ruby-1.9.3-p125/lib -L/usr/local/lib -L/Users/jeromebrule/.rvm/usr/lib -L.     -lz -lm  -lruby.1.9.1 -lsocket -lz -lm  -lpthread -ldl -lobjc "
ld: warning: directory not found for option '-L/usr/local/lib'
ld: library not found for -lsocket
clang: error: linker command failed with exit code 1 (use -v to see invocation)
checked program was:
/* begin */
1: #include "ruby.h"
2: 
3: /*top*/
4: int main() {return 0;}
5: int t() { void ((*volatile p)()); p = (void ((*)()))main; return 0; }
/* end */

"clang -o conftest -I/Users/jeromebrule/.rvm/rubies/ruby-1.9.3-p125/include/ruby-1.9.1/x86_64-darwin11.3.0 -I/Users/jeromebrule/.rvm/rubies/ruby-1.9.3-p125/include/ruby-1.9.1/ruby/backward -I/Users/jeromebrule/.rvm/rubies/ruby-1.9.3-p125/include/ruby-1.9.1 -I. -I/usr/local/include -I/Users/jeromebrule/.rvm/usr/include -D_XOPEN_SOURCE -D_DARWIN_C_SOURCE    -O3 -g -Wextra -Wno-unused-parameter -Wno-parentheses -Wno-long-long -Wno-missing-field-initializers -Wpointer-arith -Wwrite-strings -Wdeclaration-after-statement -Wshorten-64-to-32 -Wimplicit-function-declaration  -fno-common -pipe conftest.c  -L. -L/Users/jeromebrule/.rvm/rubies/ruby-1.9.3-p125/lib -L/usr/local/lib -L/Users/jeromebrule/.rvm/usr/lib -L.     -lz -lm  -lruby.1.9.1 -lsocket -lz -lm  -lpthread -ldl -lobjc "
ld: warning: directory not found for option '-L/usr/local/lib'
ld: library not found for -lsocket
clang: error: linker command failed with exit code 1 (use -v to see invocation)
checked program was:
/* begin */
1: #include "ruby.h"
2: 
3: /*top*/
4: int main() {return 0;}
5: int t() { main(); return 0; }
/* end */

--------------------

find_library: checking for mysql_query() in -lmysqlclient... -------------------- no

"clang -o conftest -I/Users/jeromebrule/.rvm/rubies/ruby-1.9.3-p125/include/ruby-1.9.1/x86_64-darwin11.3.0 -I/Users/jeromebrule/.rvm/rubies/ruby-1.9.3-p125/include/ruby-1.9.1/ruby/backward -I/Users/jeromebrule/.rvm/rubies/ruby-1.9.3-p125/include/ruby-1.9.1 -I. -I/usr/local/include -I/Users/jeromebrule/.rvm/usr/include -D_XOPEN_SOURCE -D_DARWIN_C_SOURCE    -O3 -g -Wextra -Wno-unused-parameter -Wno-parentheses -Wno-long-long -Wno-missing-field-initializers -Wpointer-arith -Wwrite-strings -Wdeclaration-after-statement -Wshorten-64-to-32 -Wimplicit-function-declaration  -fno-common -pipe conftest.c  -L. -L/Users/jeromebrule/.rvm/rubies/ruby-1.9.3-p125/lib -L/usr/local/lib -L/Users/jeromebrule/.rvm/usr/lib -L.     -lz -lm  -lruby.1.9.1 -lmysqlclient -lz -lm  -lpthread -ldl -lobjc "
conftest.c:5:53: error: use of undeclared identifier 'mysql_query'
int t() { void ((*volatile p)()); p = (void ((*)()))mysql_query; return 0; }
                                                    ^
1 error generated.
checked program was:
/* begin */
1: #include "ruby.h"
2: 
3: /*top*/
4: int main() {return 0;}
5: int t() { void ((*volatile p)()); p = (void ((*)()))mysql_query; return 0; }
/* end */

"clang -o conftest -I/Users/jeromebrule/.rvm/rubies/ruby-1.9.3-p125/include/ruby-1.9.1/x86_64-darwin11.3.0 -I/Users/jeromebrule/.rvm/rubies/ruby-1.9.3-p125/include/ruby-1.9.1/ruby/backward -I/Users/jeromebrule/.rvm/rubies/ruby-1.9.3-p125/include/ruby-1.9.1 -I. -I/usr/local/include -I/Users/jeromebrule/.rvm/usr/include -D_XOPEN_SOURCE -D_DARWIN_C_SOURCE    -O3 -g -Wextra -Wno-unused-parameter -Wno-parentheses -Wno-long-long -Wno-missing-field-initializers -Wpointer-arith -Wwrite-strings -Wdeclaration-after-statement -Wshorten-64-to-32 -Wimplicit-function-declaration  -fno-common -pipe conftest.c  -L. -L/Users/jeromebrule/.rvm/rubies/ruby-1.9.3-p125/lib -L/usr/local/lib -L/Users/jeromebrule/.rvm/usr/lib -L.     -lz -lm  -lruby.1.9.1 -lmysqlclient -lz -lm  -lpthread -ldl -lobjc "
conftest.c:5:11: warning: implicit declaration of function 'mysql_query' is invalid in C99 [-Wimplicit-function-declaration]
int t() { mysql_query(); return 0; }
          ^
1 warning generated.
ld: warning: directory not found for option '-L/usr/local/lib'
ld: library not found for -lmysqlclient
clang: error: linker command failed with exit code 1 (use -v to see invocation)
checked program was:
/* begin */
1: #include "ruby.h"
2: 
3: /*top*/
4: int main() {return 0;}
5: int t() { mysql_query(); return 0; }
/* end */

"clang -o conftest -I/Users/jeromebrule/.rvm/rubies/ruby-1.9.3-p125/include/ruby-1.9.1/x86_64-darwin11.3.0 -I/Users/jeromebrule/.rvm/rubies/ruby-1.9.3-p125/include/ruby-1.9.1/ruby/backward -I/Users/jeromebrule/.rvm/rubies/ruby-1.9.3-p125/include/ruby-1.9.1 -I. -I/usr/local/include -I/Users/jeromebrule/.rvm/usr/include -D_XOPEN_SOURCE -D_DARWIN_C_SOURCE    -O3 -g -Wextra -Wno-unused-parameter -Wno-parentheses -Wno-long-long -Wno-missing-field-initializers -Wpointer-arith -Wwrite-strings -Wdeclaration-after-statement -Wshorten-64-to-32 -Wimplicit-function-declaration  -fno-common -pipe conftest.c  -L. -L/Users/jeromebrule/.rvm/rubies/ruby-1.9.3-p125/lib -L/usr/local/lib -L/Users/jeromebrule/.rvm/usr/lib -L.     -lz -lm  -lruby.1.9.1 -lmysqlclient -lz -lm  -lpthread -ldl -lobjc "
conftest.c:5:53: error: use of undeclared identifier 'mysql_query'
int t() { void ((*volatile p)()); p = (void ((*)()))mysql_query; return 0; }
                                                    ^
1 error generated.
checked program was:
/* begin */
1: #include "ruby.h"
2: 
3: /*top*/
4: int main() {return 0;}
5: int t() { void ((*volatile p)()); p = (void ((*)()))mysql_query; return 0; }
/* end */

"clang -o conftest -I/Users/jeromebrule/.rvm/rubies/ruby-1.9.3-p125/include/ruby-1.9.1/x86_64-darwin11.3.0 -I/Users/jeromebrule/.rvm/rubies/ruby-1.9.3-p125/include/ruby-1.9.1/ruby/backward -I/Users/jeromebrule/.rvm/rubies/ruby-1.9.3-p125/include/ruby-1.9.1 -I. -I/usr/local/include -I/Users/jeromebrule/.rvm/usr/include -D_XOPEN_SOURCE -D_DARWIN_C_SOURCE    -O3 -g -Wextra -Wno-unused-parameter -Wno-parentheses -Wno-long-long -Wno-missing-field-initializers -Wpointer-arith -Wwrite-strings -Wdeclaration-after-statement -Wshorten-64-to-32 -Wimplicit-function-declaration  -fno-common -pipe conftest.c  -L. -L/Users/jeromebrule/.rvm/rubies/ruby-1.9.3-p125/lib -L/usr/local/lib -L/Users/jeromebrule/.rvm/usr/lib -L.     -lz -lm  -lruby.1.9.1 -lmysqlclient -lz -lm  -lpthread -ldl -lobjc "
conftest.c:5:11: warning: implicit declaration of function 'mysql_query' is invalid in C99 [-Wimplicit-function-declaration]
int t() { mysql_query(); return 0; }
          ^
1 warning generated.
ld: warning: directory not found for option '-L/usr/local/lib'
ld: library not found for -lmysqlclient
clang: error: linker command failed with exit code 1 (use -v to see invocation)
checked program was:
/* begin */
1: #include "ruby.h"
2: 
3: /*top*/
4: int main() {return 0;}
5: int t() { mysql_query(); return 0; }
/* end */

"clang -o conftest -I/Users/jeromebrule/.rvm/rubies/ruby-1.9.3-p125/include/ruby-1.9.1/x86_64-darwin11.3.0 -I/Users/jeromebrule/.rvm/rubies/ruby-1.9.3-p125/include/ruby-1.9.1/ruby/backward -I/Users/jeromebrule/.rvm/rubies/ruby-1.9.3-p125/include/ruby-1.9.1 -I. -I/usr/local/include -I/Users/jeromebrule/.rvm/usr/include -D_XOPEN_SOURCE -D_DARWIN_C_SOURCE    -O3 -g -Wextra -Wno-unused-parameter -Wno-parentheses -Wno-long-long -Wno-missing-field-initializers -Wpointer-arith -Wwrite-strings -Wdeclaration-after-statement -Wshorten-64-to-32 -Wimplicit-function-declaration  -fno-common -pipe conftest.c  -L. -L/Users/jeromebrule/.rvm/rubies/ruby-1.9.3-p125/lib -L/usr/local/lib -L/Users/jeromebrule/.rvm/usr/lib -L/usr/local/lib/mysql -L.     -lz -lm  -lruby.1.9.1 -lmysqlclient -lz -lm  -lpthread -ldl -lobjc "
conftest.c:5:53: error: use of undeclared identifier 'mysql_query'
int t() { void ((*volatile p)()); p = (void ((*)()))mysql_query; return 0; }
                                                    ^
1 error generated.
checked program was:
/* begin */
1: #include "ruby.h"
2: 
3: /*top*/
4: int main() {return 0;}
5: int t() { void ((*volatile p)()); p = (void ((*)()))mysql_query; return 0; }
/* end */

"clang -o conftest -I/Users/jeromebrule/.rvm/rubies/ruby-1.9.3-p125/include/ruby-1.9.1/x86_64-darwin11.3.0 -I/Users/jeromebrule/.rvm/rubies/ruby-1.9.3-p125/include/ruby-1.9.1/ruby/backward -I/Users/jeromebrule/.rvm/rubies/ruby-1.9.3-p125/include/ruby-1.9.1 -I. -I/usr/local/include -I/Users/jeromebrule/.rvm/usr/include -D_XOPEN_SOURCE -D_DARWIN_C_SOURCE    -O3 -g -Wextra -Wno-unused-parameter -Wno-parentheses -Wno-long-long -Wno-missing-field-initializers -Wpointer-arith -Wwrite-strings -Wdeclaration-after-statement -Wshorten-64-to-32 -Wimplicit-function-declaration  -fno-common -pipe conftest.c  -L. -L/Users/jeromebrule/.rvm/rubies/ruby-1.9.3-p125/lib -L/usr/local/lib -L/Users/jeromebrule/.rvm/usr/lib -L/usr/local/lib/mysql -L.     -lz -lm  -lruby.1.9.1 -lmysqlclient -lz -lm  -lpthread -ldl -lobjc "
conftest.c:5:11: warning: implicit declaration of function 'mysql_query' is invalid in C99 [-Wimplicit-function-declaration]
int t() { mysql_query(); return 0; }
          ^
1 warning generated.
ld: warning: directory not found for option '-L/usr/local/lib'
ld: warning: directory not found for option '-L/usr/local/lib/mysql'
ld: library not found for -lmysqlclient
clang: error: linker command failed with exit code 1 (use -v to see invocation)
checked program was:
/* begin */
1: #include "ruby.h"
2: 
3: /*top*/
4: int main() {return 0;}
5: int t() { mysql_query(); return 0; }
/* end */

--------------------

have_library: checking for main() in -lnsl... -------------------- no

"clang -o conftest -I/Users/jeromebrule/.rvm/rubies/ruby-1.9.3-p125/include/ruby-1.9.1/x86_64-darwin11.3.0 -I/Users/jeromebrule/.rvm/rubies/ruby-1.9.3-p125/include/ruby-1.9.1/ruby/backward -I/Users/jeromebrule/.rvm/rubies/ruby-1.9.3-p125/include/ruby-1.9.1 -I. -I/usr/local/include -I/Users/jeromebrule/.rvm/usr/include -D_XOPEN_SOURCE -D_DARWIN_C_SOURCE    -O3 -g -Wextra -Wno-unused-parameter -Wno-parentheses -Wno-long-long -Wno-missing-field-initializers -Wpointer-arith -Wwrite-strings -Wdeclaration-after-statement -Wshorten-64-to-32 -Wimplicit-function-declaration  -fno-common -pipe conftest.c  -L. -L/Users/jeromebrule/.rvm/rubies/ruby-1.9.3-p125/lib -L/usr/local/lib -L/Users/jeromebrule/.rvm/usr/lib -L.     -lz -lm  -lruby.1.9.1 -lnsl -lz -lm  -lpthread -ldl -lobjc "
ld: warning: directory not found for option '-L/usr/local/lib'
ld: library not found for -lnsl
clang: error: linker command failed with exit code 1 (use -v to see invocation)
checked program was:
/* begin */
1: #include "ruby.h"
2: 
3: /*top*/
4: int main() {return 0;}
5: int t() { void ((*volatile p)()); p = (void ((*)()))main; return 0; }
/* end */

"clang -o conftest -I/Users/jeromebrule/.rvm/rubies/ruby-1.9.3-p125/include/ruby-1.9.1/x86_64-darwin11.3.0 -I/Users/jeromebrule/.rvm/rubies/ruby-1.9.3-p125/include/ruby-1.9.1/ruby/backward -I/Users/jeromebrule/.rvm/rubies/ruby-1.9.3-p125/include/ruby-1.9.1 -I. -I/usr/local/include -I/Users/jeromebrule/.rvm/usr/include -D_XOPEN_SOURCE -D_DARWIN_C_SOURCE    -O3 -g -Wextra -Wno-unused-parameter -Wno-parentheses -Wno-long-long -Wno-missing-field-initializers -Wpointer-arith -Wwrite-strings -Wdeclaration-after-statement -Wshorten-64-to-32 -Wimplicit-function-declaration  -fno-common -pipe conftest.c  -L. -L/Users/jeromebrule/.rvm/rubies/ruby-1.9.3-p125/lib -L/usr/local/lib -L/Users/jeromebrule/.rvm/usr/lib -L.     -lz -lm  -lruby.1.9.1 -lnsl -lz -lm  -lpthread -ldl -lobjc "
ld: warning: directory not found for option '-L/usr/local/lib'
ld: library not found for -lnsl
clang: error: linker command failed with exit code 1 (use -v to see invocation)
checked program was:
/* begin */
1: #include "ruby.h"
2: 
3: /*top*/
4: int main() {return 0;}
5: int t() { main(); return 0; }
/* end */

--------------------

find_library: checking for mysql_query() in -lmysqlclient... -------------------- no

"clang -o conftest -I/Users/jeromebrule/.rvm/rubies/ruby-1.9.3-p125/include/ruby-1.9.1/x86_64-darwin11.3.0 -I/Users/jeromebrule/.rvm/rubies/ruby-1.9.3-p125/include/ruby-1.9.1/ruby/backward -I/Users/jeromebrule/.rvm/rubies/ruby-1.9.3-p125/include/ruby-1.9.1 -I. -I/usr/local/include -I/Users/jeromebrule/.rvm/usr/include -D_XOPEN_SOURCE -D_DARWIN_C_SOURCE    -O3 -g -Wextra -Wno-unused-parameter -Wno-parentheses -Wno-long-long -Wno-missing-field-initializers -Wpointer-arith -Wwrite-strings -Wdeclaration-after-statement -Wshorten-64-to-32 -Wimplicit-function-declaration  -fno-common -pipe conftest.c  -L. -L/Users/jeromebrule/.rvm/rubies/ruby-1.9.3-p125/lib -L/usr/local/lib -L/Users/jeromebrule/.rvm/usr/lib -L.     -lz -lm  -lruby.1.9.1 -lmysqlclient -lz -lm  -lpthread -ldl -lobjc "
conftest.c:5:53: error: use of undeclared identifier 'mysql_query'
int t() { void ((*volatile p)()); p = (void ((*)()))mysql_query; return 0; }
                                                    ^
1 error generated.
checked program was:
/* begin */
1: #include "ruby.h"
2: 
3: /*top*/
4: int main() {return 0;}
5: int t() { void ((*volatile p)()); p = (void ((*)()))mysql_query; return 0; }
/* end */

"clang -o conftest -I/Users/jeromebrule/.rvm/rubies/ruby-1.9.3-p125/include/ruby-1.9.1/x86_64-darwin11.3.0 -I/Users/jeromebrule/.rvm/rubies/ruby-1.9.3-p125/include/ruby-1.9.1/ruby/backward -I/Users/jeromebrule/.rvm/rubies/ruby-1.9.3-p125/include/ruby-1.9.1 -I. -I/usr/local/include -I/Users/jeromebrule/.rvm/usr/include -D_XOPEN_SOURCE -D_DARWIN_C_SOURCE    -O3 -g -Wextra -Wno-unused-parameter -Wno-parentheses -Wno-long-long -Wno-missing-field-initializers -Wpointer-arith -Wwrite-strings -Wdeclaration-after-statement -Wshorten-64-to-32 -Wimplicit-function-declaration  -fno-common -pipe conftest.c  -L. -L/Users/jeromebrule/.rvm/rubies/ruby-1.9.3-p125/lib -L/usr/local/lib -L/Users/jeromebrule/.rvm/usr/lib -L.     -lz -lm  -lruby.1.9.1 -lmysqlclient -lz -lm  -lpthread -ldl -lobjc "
conftest.c:5:11: warning: implicit declaration of function 'mysql_query' is invalid in C99 [-Wimplicit-function-declaration]
int t() { mysql_query(); return 0; }
          ^
1 warning generated.
ld: warning: directory not found for option '-L/usr/local/lib'
ld: library not found for -lmysqlclient
clang: error: linker command failed with exit code 1 (use -v to see invocation)
checked program was:
/* begin */
1: #include "ruby.h"
2: 
3: /*top*/
4: int main() {return 0;}
5: int t() { mysql_query(); return 0; }
/* end */

"clang -o conftest -I/Users/jeromebrule/.rvm/rubies/ruby-1.9.3-p125/include/ruby-1.9.1/x86_64-darwin11.3.0 -I/Users/jeromebrule/.rvm/rubies/ruby-1.9.3-p125/include/ruby-1.9.1/ruby/backward -I/Users/jeromebrule/.rvm/rubies/ruby-1.9.3-p125/include/ruby-1.9.1 -I. -I/usr/local/include -I/Users/jeromebrule/.rvm/usr/include -D_XOPEN_SOURCE -D_DARWIN_C_SOURCE    -O3 -g -Wextra -Wno-unused-parameter -Wno-parentheses -Wno-long-long -Wno-missing-field-initializers -Wpointer-arith -Wwrite-strings -Wdeclaration-after-statement -Wshorten-64-to-32 -Wimplicit-function-declaration  -fno-common -pipe conftest.c  -L. -L/Users/jeromebrule/.rvm/rubies/ruby-1.9.3-p125/lib -L/usr/local/lib -L/Users/jeromebrule/.rvm/usr/lib -L.     -lz -lm  -lruby.1.9.1 -lmysqlclient -lz -lm  -lpthread -ldl -lobjc "
conftest.c:5:53: error: use of undeclared identifier 'mysql_query'
int t() { void ((*volatile p)()); p = (void ((*)()))mysql_query; return 0; }
                                                    ^
1 error generated.
checked program was:
/* begin */
1: #include "ruby.h"
2: 
3: /*top*/
4: int main() {return 0;}
5: int t() { void ((*volatile p)()); p = (void ((*)()))mysql_query; return 0; }
/* end */

"clang -o conftest -I/Users/jeromebrule/.rvm/rubies/ruby-1.9.3-p125/include/ruby-1.9.1/x86_64-darwin11.3.0 -I/Users/jeromebrule/.rvm/rubies/ruby-1.9.3-p125/include/ruby-1.9.1/ruby/backward -I/Users/jeromebrule/.rvm/rubies/ruby-1.9.3-p125/include/ruby-1.9.1 -I. -I/usr/local/include -I/Users/jeromebrule/.rvm/usr/include -D_XOPEN_SOURCE -D_DARWIN_C_SOURCE    -O3 -g -Wextra -Wno-unused-parameter -Wno-parentheses -Wno-long-long -Wno-missing-field-initializers -Wpointer-arith -Wwrite-strings -Wdeclaration-after-statement -Wshorten-64-to-32 -Wimplicit-function-declaration  -fno-common -pipe conftest.c  -L. -L/Users/jeromebrule/.rvm/rubies/ruby-1.9.3-p125/lib -L/usr/local/lib -L/Users/jeromebrule/.rvm/usr/lib -L.     -lz -lm  -lruby.1.9.1 -lmysqlclient -lz -lm  -lpthread -ldl -lobjc "
conftest.c:5:11: warning: implicit declaration of function 'mysql_query' is invalid in C99 [-Wimplicit-function-declaration]
int t() { mysql_query(); return 0; }
          ^
1 warning generated.
ld: warning: directory not found for option '-L/usr/local/lib'
ld: library not found for -lmysqlclient
clang: error: linker command failed with exit code 1 (use -v to see invocation)
checked program was:
/* begin */
1: #include "ruby.h"
2: 
3: /*top*/
4: int main() {return 0;}
5: int t() { mysql_query(); return 0; }
/* end */

"clang -o conftest -I/Users/jeromebrule/.rvm/rubies/ruby-1.9.3-p125/include/ruby-1.9.1/x86_64-darwin11.3.0 -I/Users/jeromebrule/.rvm/rubies/ruby-1.9.3-p125/include/ruby-1.9.1/ruby/backward -I/Users/jeromebrule/.rvm/rubies/ruby-1.9.3-p125/include/ruby-1.9.1 -I. -I/usr/local/include -I/Users/jeromebrule/.rvm/usr/include -D_XOPEN_SOURCE -D_DARWIN_C_SOURCE    -O3 -g -Wextra -Wno-unused-parameter -Wno-parentheses -Wno-long-long -Wno-missing-field-initializers -Wpointer-arith -Wwrite-strings -Wdeclaration-after-statement -Wshorten-64-to-32 -Wimplicit-function-declaration  -fno-common -pipe conftest.c  -L. -L/Users/jeromebrule/.rvm/rubies/ruby-1.9.3-p125/lib -L/usr/local/lib -L/Users/jeromebrule/.rvm/usr/lib -L/usr/local/lib/mysql -L.     -lz -lm  -lruby.1.9.1 -lmysqlclient -lz -lm  -lpthread -ldl -lobjc "
conftest.c:5:53: error: use of undeclared identifier 'mysql_query'
int t() { void ((*volatile p)()); p = (void ((*)()))mysql_query; return 0; }
                                                    ^
1 error generated.
checked program was:
/* begin */
1: #include "ruby.h"
2: 
3: /*top*/
4: int main() {return 0;}
5: int t() { void ((*volatile p)()); p = (void ((*)()))mysql_query; return 0; }
/* end */

"clang -o conftest -I/Users/jeromebrule/.rvm/rubies/ruby-1.9.3-p125/include/ruby-1.9.1/x86_64-darwin11.3.0 -I/Users/jeromebrule/.rvm/rubies/ruby-1.9.3-p125/include/ruby-1.9.1/ruby/backward -I/Users/jeromebrule/.rvm/rubies/ruby-1.9.3-p125/include/ruby-1.9.1 -I. -I/usr/local/include -I/Users/jeromebrule/.rvm/usr/include -D_XOPEN_SOURCE -D_DARWIN_C_SOURCE    -O3 -g -Wextra -Wno-unused-parameter -Wno-parentheses -Wno-long-long -Wno-missing-field-initializers -Wpointer-arith -Wwrite-strings -Wdeclaration-after-statement -Wshorten-64-to-32 -Wimplicit-function-declaration  -fno-common -pipe conftest.c  -L. -L/Users/jeromebrule/.rvm/rubies/ruby-1.9.3-p125/lib -L/usr/local/lib -L/Users/jeromebrule/.rvm/usr/lib -L/usr/local/lib/mysql -L.     -lz -lm  -lruby.1.9.1 -lmysqlclient -lz -lm  -lpthread -ldl -lobjc "
conftest.c:5:11: warning: implicit declaration of function 'mysql_query' is invalid in C99 [-Wimplicit-function-declaration]
int t() { mysql_query(); return 0; }
          ^
1 warning generated.
ld: warning: directory not found for option '-L/usr/local/lib'
ld: warning: directory not found for option '-L/usr/local/lib/mysql'
ld: library not found for -lmysqlclient
clang: error: linker command failed with exit code 1 (use -v to see invocation)
checked program was:
/* begin */
1: #include "ruby.h"
2: 
3: /*top*/
4: int main() {return 0;}
5: int t() { mysql_query(); return 0; }
/* end */

--------------------

have_library: checking for main() in -lmygcc... -------------------- no

"clang -o conftest -I/Users/jeromebrule/.rvm/rubies/ruby-1.9.3-p125/include/ruby-1.9.1/x86_64-darwin11.3.0 -I/Users/jeromebrule/.rvm/rubies/ruby-1.9.3-p125/include/ruby-1.9.1/ruby/backward -I/Users/jeromebrule/.rvm/rubies/ruby-1.9.3-p125/include/ruby-1.9.1 -I. -I/usr/local/include -I/Users/jeromebrule/.rvm/usr/include -D_XOPEN_SOURCE -D_DARWIN_C_SOURCE    -O3 -g -Wextra -Wno-unused-parameter -Wno-parentheses -Wno-long-long -Wno-missing-field-initializers -Wpointer-arith -Wwrite-strings -Wdeclaration-after-statement -Wshorten-64-to-32 -Wimplicit-function-declaration  -fno-common -pipe conftest.c  -L. -L/Users/jeromebrule/.rvm/rubies/ruby-1.9.3-p125/lib -L/usr/local/lib -L/Users/jeromebrule/.rvm/usr/lib -L.     -lz -lm  -lruby.1.9.1 -lmygcc -lz -lm  -lpthread -ldl -lobjc "
ld: warning: directory not found for option '-L/usr/local/lib'
ld: library not found for -lmygcc
clang: error: linker command failed with exit code 1 (use -v to see invocation)
checked program was:
/* begin */
1: #include "ruby.h"
2: 
3: /*top*/
4: int main() {return 0;}
5: int t() { void ((*volatile p)()); p = (void ((*)()))main; return 0; }
/* end */

"clang -o conftest -I/Users/jeromebrule/.rvm/rubies/ruby-1.9.3-p125/include/ruby-1.9.1/x86_64-darwin11.3.0 -I/Users/jeromebrule/.rvm/rubies/ruby-1.9.3-p125/include/ruby-1.9.1/ruby/backward -I/Users/jeromebrule/.rvm/rubies/ruby-1.9.3-p125/include/ruby-1.9.1 -I. -I/usr/local/include -I/Users/jeromebrule/.rvm/usr/include -D_XOPEN_SOURCE -D_DARWIN_C_SOURCE    -O3 -g -Wextra -Wno-unused-parameter -Wno-parentheses -Wno-long-long -Wno-missing-field-initializers -Wpointer-arith -Wwrite-strings -Wdeclaration-after-statement -Wshorten-64-to-32 -Wimplicit-function-declaration  -fno-common -pipe conftest.c  -L. -L/Users/jeromebrule/.rvm/rubies/ruby-1.9.3-p125/lib -L/usr/local/lib -L/Users/jeromebrule/.rvm/usr/lib -L.     -lz -lm  -lruby.1.9.1 -lmygcc -lz -lm  -lpthread -ldl -lobjc "
ld: warning: directory not found for option '-L/usr/local/lib'
ld: library not found for -lmygcc
clang: error: linker command failed with exit code 1 (use -v to see invocation)
checked program was:
/* begin */
1: #include "ruby.h"
2: 
3: /*top*/
4: int main() {return 0;}
5: int t() { main(); return 0; }
/* end */

--------------------

find_library: checking for mysql_query() in -lmysqlclient... -------------------- no

"clang -o conftest -I/Users/jeromebrule/.rvm/rubies/ruby-1.9.3-p125/include/ruby-1.9.1/x86_64-darwin11.3.0 -I/Users/jeromebrule/.rvm/rubies/ruby-1.9.3-p125/include/ruby-1.9.1/ruby/backward -I/Users/jeromebrule/.rvm/rubies/ruby-1.9.3-p125/include/ruby-1.9.1 -I. -I/usr/local/include -I/Users/jeromebrule/.rvm/usr/include -D_XOPEN_SOURCE -D_DARWIN_C_SOURCE    -O3 -g -Wextra -Wno-unused-parameter -Wno-parentheses -Wno-long-long -Wno-missing-field-initializers -Wpointer-arith -Wwrite-strings -Wdeclaration-after-statement -Wshorten-64-to-32 -Wimplicit-function-declaration  -fno-common -pipe conftest.c  -L. -L/Users/jeromebrule/.rvm/rubies/ruby-1.9.3-p125/lib -L/usr/local/lib -L/Users/jeromebrule/.rvm/usr/lib -L.     -lz -lm  -lruby.1.9.1 -lmysqlclient -lz -lm  -lpthread -ldl -lobjc "
conftest.c:5:53: error: use of undeclared identifier 'mysql_query'
int t() { void ((*volatile p)()); p = (void ((*)()))mysql_query; return 0; }
                                                    ^
1 error generated.
checked program was:
/* begin */
1: #include "ruby.h"
2: 
3: /*top*/
4: int main() {return 0;}
5: int t() { void ((*volatile p)()); p = (void ((*)()))mysql_query; return 0; }
/* end */

"clang -o conftest -I/Users/jeromebrule/.rvm/rubies/ruby-1.9.3-p125/include/ruby-1.9.1/x86_64-darwin11.3.0 -I/Users/jeromebrule/.rvm/rubies/ruby-1.9.3-p125/include/ruby-1.9.1/ruby/backward -I/Users/jeromebrule/.rvm/rubies/ruby-1.9.3-p125/include/ruby-1.9.1 -I. -I/usr/local/include -I/Users/jeromebrule/.rvm/usr/include -D_XOPEN_SOURCE -D_DARWIN_C_SOURCE    -O3 -g -Wextra -Wno-unused-parameter -Wno-parentheses -Wno-long-long -Wno-missing-field-initializers -Wpointer-arith -Wwrite-strings -Wdeclaration-after-statement -Wshorten-64-to-32 -Wimplicit-function-declaration  -fno-common -pipe conftest.c  -L. -L/Users/jeromebrule/.rvm/rubies/ruby-1.9.3-p125/lib -L/usr/local/lib -L/Users/jeromebrule/.rvm/usr/lib -L.     -lz -lm  -lruby.1.9.1 -lmysqlclient -lz -lm  -lpthread -ldl -lobjc "
conftest.c:5:11: warning: implicit declaration of function 'mysql_query' is invalid in C99 [-Wimplicit-function-declaration]
int t() { mysql_query(); return 0; }
          ^
1 warning generated.
ld: warning: directory not found for option '-L/usr/local/lib'
ld: library not found for -lmysqlclient
clang: error: linker command failed with exit code 1 (use -v to see invocation)
checked program was:
/* begin */
1: #include "ruby.h"
2: 
3: /*top*/
4: int main() {return 0;}
5: int t() { mysql_query(); return 0; }
/* end */

"clang -o conftest -I/Users/jeromebrule/.rvm/rubies/ruby-1.9.3-p125/include/ruby-1.9.1/x86_64-darwin11.3.0 -I/Users/jeromebrule/.rvm/rubies/ruby-1.9.3-p125/include/ruby-1.9.1/ruby/backward -I/Users/jeromebrule/.rvm/rubies/ruby-1.9.3-p125/include/ruby-1.9.1 -I. -I/usr/local/include -I/Users/jeromebrule/.rvm/usr/include -D_XOPEN_SOURCE -D_DARWIN_C_SOURCE    -O3 -g -Wextra -Wno-unused-parameter -Wno-parentheses -Wno-long-long -Wno-missing-field-initializers -Wpointer-arith -Wwrite-strings -Wdeclaration-after-statement -Wshorten-64-to-32 -Wimplicit-function-declaration  -fno-common -pipe conftest.c  -L. -L/Users/jeromebrule/.rvm/rubies/ruby-1.9.3-p125/lib -L/usr/local/lib -L/Users/jeromebrule/.rvm/usr/lib -L.     -lz -lm  -lruby.1.9.1 -lmysqlclient -lz -lm  -lpthread -ldl -lobjc "
conftest.c:5:53: error: use of undeclared identifier 'mysql_query'
int t() { void ((*volatile p)()); p = (void ((*)()))mysql_query; return 0; }
                                                    ^
1 error generated.
checked program was:
/* begin */
1: #include "ruby.h"
2: 
3: /*top*/
4: int main() {return 0;}
5: int t() { void ((*volatile p)()); p = (void ((*)()))mysql_query; return 0; }
/* end */

"clang -o conftest -I/Users/jeromebrule/.rvm/rubies/ruby-1.9.3-p125/include/ruby-1.9.1/x86_64-darwin11.3.0 -I/Users/jeromebrule/.rvm/rubies/ruby-1.9.3-p125/include/ruby-1.9.1/ruby/backward -I/Users/jeromebrule/.rvm/rubies/ruby-1.9.3-p125/include/ruby-1.9.1 -I. -I/usr/local/include -I/Users/jeromebrule/.rvm/usr/include -D_XOPEN_SOURCE -D_DARWIN_C_SOURCE    -O3 -g -Wextra -Wno-unused-parameter -Wno-parentheses -Wno-long-long -Wno-missing-field-initializers -Wpointer-arith -Wwrite-strings -Wdeclaration-after-statement -Wshorten-64-to-32 -Wimplicit-function-declaration  -fno-common -pipe conftest.c  -L. -L/Users/jeromebrule/.rvm/rubies/ruby-1.9.3-p125/lib -L/usr/local/lib -L/Users/jeromebrule/.rvm/usr/lib -L.     -lz -lm  -lruby.1.9.1 -lmysqlclient -lz -lm  -lpthread -ldl -lobjc "
conftest.c:5:11: warning: implicit declaration of function 'mysql_query' is invalid in C99 [-Wimplicit-function-declaration]
int t() { mysql_query(); return 0; }
          ^
1 warning generated.
ld: warning: directory not found for option '-L/usr/local/lib'
ld: library not found for -lmysqlclient
clang: error: linker command failed with exit code 1 (use -v to see invocation)
checked program was:
/* begin */
1: #include "ruby.h"
2: 
3: /*top*/
4: int main() {return 0;}
5: int t() { mysql_query(); return 0; }
/* end */

"clang -o conftest -I/Users/jeromebrule/.rvm/rubies/ruby-1.9.3-p125/include/ruby-1.9.1/x86_64-darwin11.3.0 -I/Users/jeromebrule/.rvm/rubies/ruby-1.9.3-p125/include/ruby-1.9.1/ruby/backward -I/Users/jeromebrule/.rvm/rubies/ruby-1.9.3-p125/include/ruby-1.9.1 -I. -I/usr/local/include -I/Users/jeromebrule/.rvm/usr/include -D_XOPEN_SOURCE -D_DARWIN_C_SOURCE    -O3 -g -Wextra -Wno-unused-parameter -Wno-parentheses -Wno-long-long -Wno-missing-field-initializers -Wpointer-arith -Wwrite-strings -Wdeclaration-after-statement -Wshorten-64-to-32 -Wimplicit-function-declaration  -fno-common -pipe conftest.c  -L. -L/Users/jeromebrule/.rvm/rubies/ruby-1.9.3-p125/lib -L/usr/local/lib -L/Users/jeromebrule/.rvm/usr/lib -L/usr/local/lib/mysql -L.     -lz -lm  -lruby.1.9.1 -lmysqlclient -lz -lm  -lpthread -ldl -lobjc "
conftest.c:5:53: error: use of undeclared identifier 'mysql_query'
int t() { void ((*volatile p)()); p = (void ((*)()))mysql_query; return 0; }
                                                    ^
1 error generated.
checked program was:
/* begin */
1: #include "ruby.h"
2: 
3: /*top*/
4: int main() {return 0;}
5: int t() { void ((*volatile p)()); p = (void ((*)()))mysql_query; return 0; }
/* end */

"clang -o conftest -I/Users/jeromebrule/.rvm/rubies/ruby-1.9.3-p125/include/ruby-1.9.1/x86_64-darwin11.3.0 -I/Users/jeromebrule/.rvm/rubies/ruby-1.9.3-p125/include/ruby-1.9.1/ruby/backward -I/Users/jeromebrule/.rvm/rubies/ruby-1.9.3-p125/include/ruby-1.9.1 -I. -I/usr/local/include -I/Users/jeromebrule/.rvm/usr/include -D_XOPEN_SOURCE -D_DARWIN_C_SOURCE    -O3 -g -Wextra -Wno-unused-parameter -Wno-parentheses -Wno-long-long -Wno-missing-field-initializers -Wpointer-arith -Wwrite-strings -Wdeclaration-after-statement -Wshorten-64-to-32 -Wimplicit-function-declaration  -fno-common -pipe conftest.c  -L. -L/Users/jeromebrule/.rvm/rubies/ruby-1.9.3-p125/lib -L/usr/local/lib -L/Users/jeromebrule/.rvm/usr/lib -L/usr/local/lib/mysql -L.     -lz -lm  -lruby.1.9.1 -lmysqlclient -lz -lm  -lpthread -ldl -lobjc "
conftest.c:5:11: warning: implicit declaration of function 'mysql_query' is invalid in C99 [-Wimplicit-function-declaration]
int t() { mysql_query(); return 0; }
          ^
1 warning generated.
ld: warning: directory not found for option '-L/usr/local/lib'
ld: warning: directory not found for option '-L/usr/local/lib/mysql'
ld: library not found for -lmysqlclient
clang: error: linker command failed with exit code 1 (use -v to see invocation)
checked program was:
/* begin */
1: #include "ruby.h"
2: 
3: /*top*/
4: int main() {return 0;}
5: int t() { mysql_query(); return 0; }
/* end */

--------------------

